[Mon, 20 May 19 23:20:50 +0200][DEBUG] 
	Acessada a URL: GET /authorize/code?codigo_desafio=mP3QN7O8y-M86UxSqtUlhBFmAck4hfquGuLmLzSH2Gg&identificador=cliente&metodo_desafio=S256
	IP: 127.0.0.1
	Não foi enviada autorização
	Parâmetros recebidos via JSON: false
[Mon, 20 May 19 23:21:07 +0200][DEBUG] 
	Acessada a URL: GET /authorize/code?codigo_desafio=CEwwiAGojZlAU1MtrqdWEFohtRGD87tM0kpncEreZ10&identificador=cliente&metodo_desafio=S256
	IP: 127.0.0.1
	Não foi enviada autorização
	Parâmetros recebidos via JSON: false
[Mon, 20 May 19 23:23:00 +0200][DEBUG] 
	Acessada a URL: POST /token
	IP: 127.0.0.1
	Não foi enviada autorização
	Parâmetros recebidos como POST: {"tipo_autenticacao":"codigo_autorizacao","identificador":"cliente","chave_secreta":"+yyat69!S@:pjZ;Et:tWu&]XRw6CAX&e-}ez?|tG=c-`1[zf&S1^R*']~HUZoU>_)\\T6o#xa}dv;^+@^W'm|T>p*u!C8OQ3q7gg-","codigo":"def50200904e6f289c97832d17b2af44ad93720b31ac03e85313b10a4162183fd6c55de80c6dd298f44dc3e13ac42f8627b1fc55a10fd7f467c669018497b8670c82108985ae7e5f86222518eab88112cbf94195992a8df1ed5a64cd7c5ed01415d3d67e45cd688be799bf267df34cf5cfeb4e6ef14070eafe6f7d39d61d1bf7213cce0bbc8a55ede56712ca8ae427e275cd5664ce50c155ca7b5b544a00ea9b733aa0b7bc387de32be897412295483b50fefbcfd9e7906b266b26d0d8a042f79d170db3812c65870c7502887374666c3be6ea923e6d9a37f8c3e85120d939715e2a6f11049bce8e56e14e1ec8ed29e3530420965c167369a267d9035c1478143d3397463688f92118b373a6cd5a3e7602e599755b757965ac1518f60032769e0fe5a9364ab85d07"}
	Parâmetros recebidos via JSON: false
[Mon, 20 May 19 23:24:23 +0200][DEBUG] 
	Acessada a URL: POST /token
	IP: 127.0.0.1
	Não foi enviada autorização
	Parâmetros recebidos como POST: {"tipo_autenticacao":"codigo_autorizacao","identificador":"cliente","chave_secreta":"+yyat69!S@:pjZ;Et:tWu&]XRw6CAX&e-}ez?|tG=c-`1[zf&S1^R*']~HUZoU>_)\\T6o#xa}dv;^+@^W'm|T>p*u!C8OQ3q7gg-","codigo":"def50200904e6f289c97832d17b2af44ad93720b31ac03e85313b10a4162183fd6c55de80c6dd298f44dc3e13ac42f8627b1fc55a10fd7f467c669018497b8670c82108985ae7e5f86222518eab88112cbf94195992a8df1ed5a64cd7c5ed01415d3d67e45cd688be799bf267df34cf5cfeb4e6ef14070eafe6f7d39d61d1bf7213cce0bbc8a55ede56712ca8ae427e275cd5664ce50c155ca7b5b544a00ea9b733aa0b7bc387de32be897412295483b50fefbcfd9e7906b266b26d0d8a042f79d170db3812c65870c7502887374666c3be6ea923e6d9a37f8c3e85120d939715e2a6f11049bce8e56e14e1ec8ed29e3530420965c167369a267d9035c1478143d3397463688f92118b373a6cd5a3e7602e599755b757965ac1518f60032769e0fe5a9364ab85d07","codigo_verificador":"pAj5k6TstZ2KU7HdVMzgY2ZOn540LGrpTaSWV92-OPg"}
	Parâmetros recebidos via JSON: false
