[Thu, 16 May 19 22:09:40 +0200][DEBUG] 
	Acessada a URL: POST /token
	IP: 127.0.0.1
	Não foi enviada autorização
	Resposta: 200 OK {"status":"success","data":{"token_acesso":"eyJ0eXAiOiJKV1QiLCJhbGciOiJSUzI1NiJ9.eyJhdWQiOiJjbGllbnRlIiwiZXhwIjoxNTU4MDQwOTgwLCJpYXQiOjE1NTgwMzczODAsIm5iZiI6MTU1ODAzNzM4MCwianRpIjoiZjM3Njg4ZTE3MWI3MDg5MGFhYWNjYjdmNTk3M2FjNTc4OTRhZTIzNDBmYTRmYjdiZDM1Y2IxN2MwZDI2OWJjMjFlYmJkNTJlOTY4YzM2ZDQifQ.dgeNQC7gRFlgK0SE_JZtcndodZ7G9avh6eB9PWdRVzud-z5NUThsOhBAVOJRG0dlFdiZRRE5i8T2snvnHmEEK0E9_AC_Nxp38o_BW6uHTqc8t5WxkvU1m1WrnnmjPkzMse0mFekJ6SEF7Cprb-O9XRo4RHKQAniZC9m48LdC7wua6T7kunN7BgI32T7Bcn2Q4mUiZwrYjh-Ua3lLR3_FERRu4W-5E5gpjr-iYTcp59ddkoqsfF9xnXMWKLxHU2dwx-IjVaZhzDWs19nRU6vmAFLHveQSIBeUEtapA9e4Fo4HL2R03f4A-tXwdClsLyqiB-zDDfiXkdeaFJyCE67Ilg","expiracao":1558040980,"token_atualizacao":"eyJ0eXAiOiJKV1QiLCJhbGciOiJSUzI1NiJ9.eyJhdWQiOiJjbGllbnRlIiwiZXhwIjoxNTYwNzE1NzgwLCJpYXQiOjE1NTgwMzczODAsIm5iZiI6MTU1ODAzNzM4MCwianRpIjoiNDU3YzA1ZGJkM2QwZGEyNTEwN2I1MTVkMWM1NDZmY2I0YWYxMDkxMDc1YzE1MDYzM2Y4ZDBjOTNjMDdjOGFiYmVlNzdjNWU3MzBiMDlkN2QifQ.OW2p-x91M5YaEBzLArVW5acm8Cz4tVDIQ5YFo7-EiZnrH59hkdLD4CSW7vrQ3EUi_n61O2YPP4xlp5sQBflUw5Ha0Yb0a-P84XvDllNLI9NHoQvqkKTxjVk9Mp4fJBRGA6N4FC4f6wz76GMsLzLopzkDhCbClz4IIIGPwKZSYBhdp0G2nLyqjTctsB6OInzaGCyGBRQ-DI0-C5QQT-Wq1T4lapR8_FBnQCHQ_9F9YyW6yYxqQl4WV3og1ExNMhS1FiaknZxdz8y0K9pxngbvGr1j6Rc2tb8P9aZa2poUYYqojeRwPtwgEPa08nYAkWk2JnnyiP2n-EX6upkT7ODW7Q"}}<br />
<b>Notice</b>:  Undefined variable: log in <b>C:\xampp\htdocs\api.construcao.localhost\app\libraries\LoggerRequestPlugin.php</b> on line <b>24</b><br />

[Thu, 16 May 19 22:10:38 +0200][DEBUG] 
	Acessada a URL: POST /token
	IP: 127.0.0.1
	Não foi enviada autorização
	Resposta: 200 OK {"status":"success","data":{"token_acesso":"eyJ0eXAiOiJKV1QiLCJhbGciOiJSUzI1NiJ9.eyJhdWQiOiJjbGllbnRlIiwiZXhwIjoxNTU4MDQxMDM3LCJpYXQiOjE1NTgwMzc0MzgsIm5iZiI6MTU1ODAzNzQzOCwianRpIjoiOTkxMzA0YmJmYWIyZjRhY2M0NjAzMTUwZDgzYzRkNDlkZjUyMDkxNGUzYmI5MDk0ZWZiYjYyZWQ1NTQxYTQ0NzU0ODFjMjYwMTM4NjFlMGUifQ.NLtVo57ial9IVjs3kOcaHMPPviC9C8F0zNdG4ypKsi8Of5Te_tzNETqFZBZwSqN4zbZPm4z1j6S1t4W2kKJbK3S0BYuRDCLE-xToGgxqZxa8f1R8-4kbvkCRD4jKB1Mo0WoWYWqw5aGJH4RZQcZXshG-mKC983leOYNWm41LV_SWwPNBYcNajymEVpeNhWvxNg-VZnwM-v80KnWEvF7ilFhG4PMcm-ql-A0d2Mbafw-gBMxXBfk394hm7GCwDdbaCwwWInwthxU-pcmJ3csALLB_1L-TyKTVvZS-DQ9gU-J1dZuCr1VV0sdu2SKTv02ZrfurDI0513auXHcqkSB5vw","expiracao":1558041037,"token_atualizacao":"eyJ0eXAiOiJKV1QiLCJhbGciOiJSUzI1NiJ9.eyJhdWQiOiJjbGllbnRlIiwiZXhwIjoxNTYwNzE1ODM3LCJpYXQiOjE1NTgwMzc0MzgsIm5iZiI6MTU1ODAzNzQzOCwianRpIjoiNGJlOTUyOTRlYjUwM2IxMTM4NmQ4YjM1YmU2ZWIxNjUwMjI1MGIxMjZkYjAwYjZmY2RhNTQwODhhZmVlOWU2Yzk2N2E0NWJjYmVjOTVkYzIifQ.q82G-HfmX1FQnKMY4Wq8obmJLPnAr0DKiJ5wvVJHhyy5MgOCyIOMiOxBZMrWgOTPwP81xfwA3Fl7XD_75afQOVG0oozIgrwAnLyOwVJLnFIgzahmiDsHh2SP1b4t_aneMFgXcRdV7T05Ph_4wjqfLWN-UUKQRv7Z1CiamyJYMlLvAbpExzMqO40RczVczzQjN72yFJ_s2ZZOO5fHdWs3h5UeJXWIbr0eeJ1k9eBwROZkb_DbKaqqUwC3k8yDOXdObTrifSDAC-Gxne-muQEwf02kf2F3ogjm23SuTnvcBMEaqUNdTXpJf0Nr24QUNiow3f9C4ihBG76zJvTHBN7XTw"}}<br />
<b>Notice</b>:  Undefined variable: log in <b>C:\xampp\htdocs\api.construcao.localhost\app\libraries\LoggerRequestPlugin.php</b> on line <b>24</b><br />

[Thu, 16 May 19 22:10:50 +0200][DEBUG] 
	Acessada a URL: POST /token
	IP: 127.0.0.1
	Não foi enviada autorização
	Resposta: 200 OK {"status":"success","data":{"token_acesso":"eyJ0eXAiOiJKV1QiLCJhbGciOiJSUzI1NiJ9.eyJhdWQiOiJjbGllbnRlIiwiZXhwIjoxNTU4MDQxMDUwLCJpYXQiOjE1NTgwMzc0NTAsIm5iZiI6MTU1ODAzNzQ1MCwianRpIjoiNDhkNjU0ZjVkYzU1YTM2M2MzYTM4ZDY0NzU5NWI0YzMwMTRkZjM1NmY0YmEyNTI4YjQ0ZTNlZDI0NTZiOGYxYWE3OTdkZDU5NGI5ZDQ3YWMifQ.VP899Bb0IJNyWzmvmeEAhXNRcC75y_g_tVwB9QE_ThCzWJY3GMDJ53ewu8EzCp1YvkvXVPQLZuzjT3i57kMeIO1kbkrodLUsRUC6cKVl9dZ6F1B3qimg4RyUFkL_7_HTpHceQLLcN4aRgWSSeyIhVLGBtb7i4NbrLvbbmxIvy24MGzUhzSJ6H8ucsz37xcwn5ew68quX4Sz3Y63Io1gXbPtAEgZHuhie2O_QRgXN2e2L5uQBLuWhWvEGuTDgS_qOpVPuEV3mB7DaWtP8o64Pe_h3hhxRmgYlnvtPOIXtTC3m67u7uAjBKKRi03ekT6S-P3m95NYRdKB4uXLL-r9iww","expiracao":1558041050,"token_atualizacao":"eyJ0eXAiOiJKV1QiLCJhbGciOiJSUzI1NiJ9.eyJhdWQiOiJjbGllbnRlIiwiZXhwIjoxNTYwNzE1ODUwLCJpYXQiOjE1NTgwMzc0NTAsIm5iZiI6MTU1ODAzNzQ1MCwianRpIjoiMDA2Nzc3YmI3ZWU0MTFiYjEzZjA3ZWZlZDZhZWVjNmU3MmZmODM0NWNhYTM3MTYyY2Q1OThmZWZhNjA5ODMxNzFmNzVjOWRlZGFiNjY3MDkifQ.W3bsI90HHUgXzgqBGc82wUPhI6GaNGBGAVJiC9boLYiHjzg4ZphvXT9SPf1F0Noakuc8ncIRm-VhgQ7WEb81ZyhaZwHNpQl1xAYg4M-z3H17PmpA2s4Pfh1_NVCKvFcSrXaFPMoyfZp7dIGYZOreeGvOu9BXryG5O-xYRiPwN9dNdbYJCqRY5X5Itvlz9WyVVeOIY3XHQHrL5mhzOWczIaf4JSRMp-L6PQdTDr8KFm94EuulfSpizq3bDR77K5PAUci-7BVPRNXFmg-jWu5gpV5a_tRQdvBuCjWsKi9aBe20erkzUAD_pTrAdC4Gismuhgo-COtuNlHIG19smvL70w"}}
[Thu, 16 May 19 22:12:28 +0200][DEBUG] 
	Acessada a URL: POST /token
	IP: 127.0.0.1
	Não foi enviada autorização
	Resposta: 401 Unauthorized {"status":"error","message":"O token de atualiza\u00e7\u00e3o n\u00e3o \u00e9 v\u00e1lido","code":"token_invalido"}
[Thu, 16 May 19 22:12:37 +0200][DEBUG] 
	Acessada a URL: POST /token
	IP: 127.0.0.1
	Não foi enviada autorização
	Resposta: 200 OK {"status":"success","data":{"token_acesso":"eyJ0eXAiOiJKV1QiLCJhbGciOiJSUzI1NiJ9.eyJhdWQiOiJjbGllbnRlIiwiZXhwIjoxNTU4MDQxMTU2LCJpYXQiOjE1NTgwMzc1NTcsIm5iZiI6MTU1ODAzNzU1NywianRpIjoiZTFjZGJmNDcwY2NhODU3YzZlZmMwZDUzMTBiMjM0MDk0N2YxZjM3ZDdiZWQ3ZDczMTdlNmVmN2U2NjU1YmY1MTMyYmZlZjQ0MTAyYzAxMGEifQ.mYEUqZi4iBSqbpyGH6tzbXjWvJvyurU9eZJcymbM3_PUHCmaLQqfLvZW9N7RJklRt2xhIXOveqbfq5BimZowGuKw6K5xzEHhaVNH-hO-ioRWo_6n-IewWoGQZKDvUx1R1shz83Dq5CuWp4vkTVseLn8AZ8ePfOUDlnafbhYaH-U05U9kD5qlbOKu4IByy2Y455zeD-ASjCTokJen7YIs2U5JOlvGChFj-bbSIxzt0Re7DgGyA2330zndI6t_dJZycTULByvCufoW-L4VptY7HOkMhTg9C0v-TYfc7pDWXDQciAv9vWQJKA_5J-uI6JGKg6k_czwFCndJH0GJSTRSDQ","expiracao":1558041156,"token_atualizacao":"eyJ0eXAiOiJKV1QiLCJhbGciOiJSUzI1NiJ9.eyJhdWQiOiJjbGllbnRlIiwiZXhwIjoxNTYwNzE1OTU2LCJpYXQiOjE1NTgwMzc1NTcsIm5iZiI6MTU1ODAzNzU1NywianRpIjoiYjE0YzU1NjIyMTFlZGFjYmY3YjJlODQxNzBlYTVmZDBiOTkxMGVlMTkwNjQwMmFlZmZmYTI5NzIyNDZmZWFlMTI1NzQyMTAzNzM0N2EwMTIifQ.nGXZu7u1j0lHJjMhXZJ6q02_UprjLKiD2u-fCtqV_3K-Ri4JM5xQrfjnsqhkPcfzUI4X0nRbqGVrwQSrdzrQQFl2bJG5kKOOkx4daswbUSCyxFBe7CP-aSmm4H_VvF5UKQgvhnm4n5b_0LZ0mygd11G6iNXkFegC2Sq3eQ2HScp7YPmbJBVmJL_jLwdQABdFhduGM8xW9s0Z8-PNz1iucCHh_wY21N2pa0E1jpLBSlAwINphpAa_hntsgYcb6N_Zfvo1A6yqu4haBllHvKY8h_BIWkTkK6qCCsqTHAnZIn8k5X8hT-o6O9nGGp_QsUKOuhPXVitUzNn2775GARtkxA"}}
[Thu, 16 May 19 22:12:55 +0200][DEBUG] 
	Acessada a URL: POST /token
	IP: 127.0.0.1
	Não foi enviada autorização
	Resposta: 401 Unauthorized {"status":"error","message":"O token de atualiza\u00e7\u00e3o n\u00e3o \u00e9 v\u00e1lido","code":"token_invalido"}
[Thu, 16 May 19 22:59:33 +0200][DEBUG] 
	Acessada a URL: POST /token
	IP: 127.0.0.1
	Não foi enviada autorização
	Resposta: 200 OK {"status":"success","data":{"token_acesso":"eyJ0eXAiOiJKV1QiLCJhbGciOiJSUzI1NiJ9.eyJhdWQiOiJjbGllbnRlIiwiZXhwIjoxNTU4MDQzOTczLCJpYXQiOjE1NTgwNDAzNzMsIm5iZiI6MTU1ODA0MDM3MywianRpIjoiMTBkOWJhYWUwYWE2NDQ1Y2IxMzliODc3Zjc1YjNjYTljYTYxMTMzZDc0MTQxMGRmNDI5NTZjMmRhNDhkYTgxMjQ1MzM2NzQ4OGNiOWI4NzAifQ.FG2s_dO_t1JzVBADW3ize2mDThzY4xRQrFeuvtSbZWdjcxxpqrSK2a6s6voQm5t3wRGN9bpF8wr8js7Ge_Gb9_aNn0CoKsPd6MBAO9V0HLQVf9881t_2TjSyfp1j8UD36EsWGjbNoueg43QeYVzNe6gaWBD8kLGOxLQA6FdkLdQy8RU4VzUIFc1h-gZki2OsxhbDwjIozqVvPrOa883iT_7e3jsNFo39vnNb6QRa8_g_KOG4SUtNKF-JRB4wAcMwUkkJUCKK9AoH1uDXszpEQtsSIRD22B3xuK-3cu0UkTlXSK4RgOPTXCMAdvtUwwn008nB_Cf9C_mC961MUB3-Mg","expiracao":1558043973,"token_atualizacao":"eyJ0eXAiOiJKV1QiLCJhbGciOiJSUzI1NiJ9.eyJhdWQiOiJjbGllbnRlIiwiZXhwIjoxNTYwNzE4NzczLCJpYXQiOjE1NTgwNDAzNzMsIm5iZiI6MTU1ODA0MDM3MywianRpIjoiOTU1OTVmMjI5YmMyNzA0ZDRhZmIwMzA0NTEyMjIzZTg5YTdjYjAwYmJhYzUwNTQ3YzljMDM4MWIwOGRhNDlmNzk1ZTE0NjJkMmNhMWE1ZDEifQ.UWgGYRJ6MUVhH8RPo7cLoMUBedfd7MX1DRMKDRozEA13laEilCNsvjnPzFFFC-RHuPq6hKz2DcooqWhURLXsAlzKwCEr3wgvDrr4IeCLuBvSRE0p2J-0KtwSxOrHPwcEUHcrhM53XSemkkuf1_o_htJ2Rwcv2jFmc77sHAPhcHiH0kcCYZiVsOpTkWAxqaUBHRZsSw7ud8Hqksq11nNMhfXIsXjhuHZVnHmEHR02Vda0XyO3o5Q36DNldweIcxFkYA_DMyY3y1a964FtGdHDm0Zu_2Es4v6nfnmhJd5IeEraVsQVdmEKkawK-fVPt0o1gpu8Av1y1HtdZSjkRWtoog"}}
[Thu, 16 May 19 22:59:49 +0200][DEBUG] 
	Acessada a URL: POST /token
	IP: 127.0.0.1
	Não foi enviada autorização
	Resposta: 200 OK {"status":"success","data":{"token_acesso":"eyJ0eXAiOiJKV1QiLCJhbGciOiJSUzI1NiJ9.eyJhdWQiOiJjbGllbnRlIiwiZXhwIjoxNTU4MDQzOTg5LCJpYXQiOjE1NTgwNDAzODksIm5iZiI6MTU1ODA0MDM4OSwianRpIjoiNzc4N2UxYzBjOTJlMDg2Y2IyNDFlYjA4MGI1MmVjNzMxNzlmY2M2MWU0ZWY1OWY1ZDBmYTVhZTNkNTY3M2Q1MDVlMDk2YzY3M2Y1YmQ0MmMifQ.FDx5rk1Jpf1jgQPrBs01gCq9XBxnIO8Y3ZfWvtd6yaP0ZkmR7Vs9tgE4ExH2vgGcCCs4ft4AtqhYqiDuBw1jQ8yvvWijiWOj9tED0ehvlwUIg-_Jrx8L-ejHY1LLY3ygft9chNbVR_uh0aMsdGKTnv6etR6p0N4wt7M_0xNJa4K9DZQXhu-x1QXe5S7lu1Z6u97DCnxEZfOKNbmMUiTUzGnT_XJ0Q3Hty9-C0v2An0WsTRyfeIbBYAWCdjT6WOFcttcRh2JadmskcmOw6989nzr4l8zJNik-kCE54OOPPceohCIdxH4NeWd55bOb7bVSnThqGXjdN8bsOiSwJ0e8Jw","expiracao":1558043989,"token_atualizacao":"eyJ0eXAiOiJKV1QiLCJhbGciOiJSUzI1NiJ9.eyJhdWQiOiJjbGllbnRlIiwiZXhwIjoxNTYwNzE4Nzg5LCJpYXQiOjE1NTgwNDAzODksIm5iZiI6MTU1ODA0MDM4OSwianRpIjoiYmFjZGZlODA3ZjliNjdhYTUwNmY4NjFjMTE2YzFhNmFjMWRhYWRiMDQ2Njg1MmRiMmRmODZkMTg5NWI4ZDkxOGMxOWQyOTAxYTY4MTk3N2IifQ.P8Zsul3i4xVfhdYPc2qTHeu4r6BD3x6mIumWWzqaJ51_DCs0rx8gR-CU8zQLsGZdzPb2S9zFr2gEIB-criovB30VkK9bJVg5w5M5gI_rNWVWLXcY4F6aY9Nto7ciAMf5mapubBE8v0fBxOwQ2qP8AbT26dRH89baT96qduY1ugwTvxeq13aWMt-7MT1xxc0a50Vcg6vycp-S9ol9tQmP2CJJGJYkH1RvUgb0mFHcd4nMT18LVBzwum6YqudJTETo5AAvDNQL0tTZYK5WH0enbTPo2B9WB1YhxoRM3O1bxYfmnI8a4_YFV1_K_Pddp8XO0cMNFIOfpkYCFHJ080tbBg"}}
